Base path: C:/Program Files (x86)/Unity/Editor/Data
Pipe name: \\.\pipe\UnityShaderCompiler-8-3912
Cmd: getPlatforms
Cmd: compileSnippet
  api=0 type=0 insize=3253 outsize=375 kw= ok=1
Cmd: compileSnippet
  api=0 type=1 insize=3267 outsize=426 kw= ok=1
Cmd: compileSnippet
  api=1 type=1 insize=3259 outsize=101 kw= ok=1
Cmd: compileSnippet
  api=8 type=1 insize=3268 outsize=1942 kw= ok=1
Cmd: compileSnippet
  api=8 type=0 insize=3258 outsize=2023 kw= ok=1
Cmd: compileSnippet
  api=1 type=0 insize=3253 outsize=335 kw= ok=1
Cmd: compileSnippet
  api=0 type=1 insize=848 outsize=224 kw= ok=1
Cmd: compileSnippet
  api=1 type=0 insize=1014 outsize=542 kw= ok=1
Cmd: compileSnippet
  api=1 type=1 insize=4698 outsize=194 kw= ok=1
Cmd: compileSnippet
  api=0 type=1 insize=4713 outsize=852 kw= ok=1
Cmd: compileSnippet
  api=8 type=0 insize=4714 outsize=2495 kw= ok=1
Unhandled exception: Readfile from pipe failed. GLE=Le canal de communication a été fermé.


Quitting shader compiler process
