Base path: C:/Program Files (x86)/Unity/Editor/Data
Pipe name: \\.\pipe\UnityShaderCompiler-5-3792
Cmd: getPlatforms
Cmd: compileSnippet
  api=1 type=1 insize=1008 outsize=136 kw= ok=1
Cmd: compileSnippet
  api=1 type=1 insize=1007 outsize=134 kw= ok=1
Cmd: compileSnippet
  api=0 type=1 insize=3253 outsize=328 kw= ok=1
Cmd: compileSnippet
  api=8 type=1 insize=3251 outsize=1325 kw= ok=1
Cmd: compileSnippet
  api=1 type=1 insize=3267 outsize=239 kw= ok=1
Cmd: compileSnippet
  api=8 type=1 insize=3259 outsize=1187 kw= ok=1
Cmd: compileSnippet
  api=8 type=1 insize=3259 outsize=1698 kw= ok=1
Cmd: compileSnippet
  api=8 type=1 insize=3256 outsize=1325 kw= ok=1
Cmd: compileSnippet
  api=1 type=1 insize=3268 outsize=242 kw= ok=1
Cmd: compileSnippet
  api=0 type=0 insize=3254 outsize=375 kw= ok=1
Cmd: compileSnippet
  api=8 type=1 insize=3258 outsize=1057 kw= ok=1
Cmd: compileSnippet
  api=0 type=0 insize=848 outsize=428 kw= ok=1
Cmd: compileSnippet
  api=8 type=0 insize=1317 outsize=2998 kw= ok=1
Cmd: compileSnippet
  api=0 type=1 insize=4703 outsize=569 kw= ok=1
Cmd: compileSnippet
  api=8 type=0 insize=4713 outsize=2990 kw= ok=1
Cmd: compileSnippet
  api=8 type=1 insize=1353 outsize=1885 kw= ok=1
Unhandled exception: Readfile from pipe failed. GLE=Le canal de communication a été fermé.


Quitting shader compiler process
